14:51:15 INFO  : Registering command handlers for SDK TCF services
14:51:16 INFO  : Launching XSCT server: xsct.bat -interactive D:\NKUST\3rd\SoC\HW2\hw2\hw2.sdk\temp_xsdb_launch_script.tcl
14:51:19 INFO  : XSCT server has started successfully.
14:51:19 INFO  : Successfully done setting XSCT server connection channel  
14:51:23 INFO  : Successfully done setting SDK workspace  
14:51:23 INFO  : Processing command line option -hwspec D:/NKUST/3rd/SoC/HW2/hw2/hw2.sdk/design_1_wrapper.hdf.
14:54:31 INFO  : Connected to target on host '127.0.0.1' and port '3121'.
14:55:05 INFO  : Connected to target on host '127.0.0.1' and port '3121'.
14:55:05 INFO  : 'targets -set -filter {jtag_cable_name =~ "Xilinx TUL 1234-tulA" && level==0} -index 1' command is executed.
14:55:07 INFO  : FPGA configured successfully with bitstream "D:/NKUST/3rd/SoC/HW2/hw2/hw2.sdk/design_1_wrapper_hw_platform_0/design_1_wrapper.bit"
14:55:17 INFO  : 'targets -set -filter {jtag_cable_name =~ "Xilinx TUL 1234-tulA" && level==0} -index 1' command is executed.
14:55:17 INFO  : 'fpga -state' command is executed.
14:55:17 INFO  : Connected to target on host '127.0.0.1' and port '3121'.
14:55:17 INFO  : Jtag cable 'Xilinx TUL 1234-tulA' is selected.
14:55:17 INFO  : 'jtag frequency' command is executed.
14:55:17 INFO  : Sourcing of 'D:/NKUST/3rd/SoC/HW2/hw2/hw2.sdk/design_1_wrapper_hw_platform_0/ps7_init.tcl' is done.
14:55:17 INFO  : Context for 'APU' is selected.
14:55:17 INFO  : Hardware design information is loaded from 'D:/NKUST/3rd/SoC/HW2/hw2/hw2.sdk/design_1_wrapper_hw_platform_0/system.hdf'.
14:55:17 INFO  : 'configparams force-mem-access 1' command is executed.
14:55:17 INFO  : Context for 'APU' is selected.
14:55:17 INFO  : 'stop' command is executed.
14:55:18 INFO  : 'ps7_init' command is executed.
14:55:18 INFO  : 'ps7_post_config' command is executed.
14:55:18 INFO  : Context for processor 'ps7_cortexa9_0' is selected.
14:55:18 INFO  : Processor reset is completed for 'ps7_cortexa9_0'.
14:55:18 INFO  : Context for processor 'ps7_cortexa9_0' is selected.
14:55:18 INFO  : The application 'D:/NKUST/3rd/SoC/HW2/hw2/hw2.sdk/intr/Debug/intr.elf' is downloaded to processor 'ps7_cortexa9_0'.
14:55:18 INFO  : 'configparams force-mem-access 0' command is executed.
14:55:18 INFO  : ----------------XSDB Script----------------
connect -url tcp:127.0.0.1:3121
source D:/NKUST/3rd/SoC/HW2/hw2/hw2.sdk/design_1_wrapper_hw_platform_0/ps7_init.tcl
targets -set -nocase -filter {name =~"APU*" && jtag_cable_name =~ "Xilinx TUL 1234-tulA"} -index 0
loadhw -hw D:/NKUST/3rd/SoC/HW2/hw2/hw2.sdk/design_1_wrapper_hw_platform_0/system.hdf -mem-ranges [list {0x40000000 0xbfffffff}]
configparams force-mem-access 1
targets -set -nocase -filter {name =~"APU*" && jtag_cable_name =~ "Xilinx TUL 1234-tulA"} -index 0
stop
ps7_init
ps7_post_config
targets -set -nocase -filter {name =~ "ARM*#0" && jtag_cable_name =~ "Xilinx TUL 1234-tulA"} -index 0
rst -processor
targets -set -nocase -filter {name =~ "ARM*#0" && jtag_cable_name =~ "Xilinx TUL 1234-tulA"} -index 0
dow D:/NKUST/3rd/SoC/HW2/hw2/hw2.sdk/intr/Debug/intr.elf
configparams force-mem-access 0
----------------End of Script----------------

14:55:18 INFO  : Memory regions updated for context APU
14:55:18 INFO  : Context for processor 'ps7_cortexa9_0' is selected.
14:55:18 INFO  : 'con' command is executed.
14:55:18 INFO  : ----------------XSDB Script (After Launch)----------------
targets -set -nocase -filter {name =~ "ARM*#0" && jtag_cable_name =~ "Xilinx TUL 1234-tulA"} -index 0
con
----------------End of Script----------------

14:55:18 INFO  : Launch script is exported to file 'D:\NKUST\3rd\SoC\HW2\hw2\hw2.sdk\.sdk\launch_scripts\xilinx_c-c++_application_(system_debugger)\system_debugger_using_debug_intr.elf_on_local.tcl'
14:57:02 INFO  : Disconnected from the channel tcfchan#1.
14:57:03 INFO  : 'targets -set -filter {jtag_cable_name =~ "Xilinx TUL 1234-tulA" && level==0} -index 1' command is executed.
14:57:03 INFO  : 'fpga -state' command is executed.
14:57:03 INFO  : Connected to target on host '127.0.0.1' and port '3121'.
14:57:03 INFO  : Jtag cable 'Xilinx TUL 1234-tulA' is selected.
14:57:03 INFO  : 'jtag frequency' command is executed.
14:57:03 INFO  : Sourcing of 'D:/NKUST/3rd/SoC/HW2/hw2/hw2.sdk/design_1_wrapper_hw_platform_0/ps7_init.tcl' is done.
14:57:03 INFO  : Context for 'APU' is selected.
14:57:04 INFO  : Hardware design information is loaded from 'D:/NKUST/3rd/SoC/HW2/hw2/hw2.sdk/design_1_wrapper_hw_platform_0/system.hdf'.
14:57:04 INFO  : 'configparams force-mem-access 1' command is executed.
14:57:04 INFO  : Context for 'APU' is selected.
14:57:04 INFO  : 'stop' command is executed.
14:57:05 INFO  : 'ps7_init' command is executed.
14:57:05 INFO  : 'ps7_post_config' command is executed.
14:57:05 INFO  : Context for processor 'ps7_cortexa9_0' is selected.
14:57:05 INFO  : Processor reset is completed for 'ps7_cortexa9_0'.
14:57:05 INFO  : Context for processor 'ps7_cortexa9_0' is selected.
14:57:05 INFO  : The application 'D:/NKUST/3rd/SoC/HW2/hw2/hw2.sdk/intr/Debug/intr.elf' is downloaded to processor 'ps7_cortexa9_0'.
14:57:05 INFO  : 'configparams force-mem-access 0' command is executed.
14:57:05 INFO  : ----------------XSDB Script----------------
connect -url tcp:127.0.0.1:3121
source D:/NKUST/3rd/SoC/HW2/hw2/hw2.sdk/design_1_wrapper_hw_platform_0/ps7_init.tcl
targets -set -nocase -filter {name =~"APU*" && jtag_cable_name =~ "Xilinx TUL 1234-tulA"} -index 0
loadhw -hw D:/NKUST/3rd/SoC/HW2/hw2/hw2.sdk/design_1_wrapper_hw_platform_0/system.hdf -mem-ranges [list {0x40000000 0xbfffffff}]
configparams force-mem-access 1
targets -set -nocase -filter {name =~"APU*" && jtag_cable_name =~ "Xilinx TUL 1234-tulA"} -index 0
stop
ps7_init
ps7_post_config
targets -set -nocase -filter {name =~ "ARM*#0" && jtag_cable_name =~ "Xilinx TUL 1234-tulA"} -index 0
rst -processor
targets -set -nocase -filter {name =~ "ARM*#0" && jtag_cable_name =~ "Xilinx TUL 1234-tulA"} -index 0
dow D:/NKUST/3rd/SoC/HW2/hw2/hw2.sdk/intr/Debug/intr.elf
configparams force-mem-access 0
----------------End of Script----------------

14:57:05 INFO  : Memory regions updated for context APU
14:57:05 INFO  : Context for processor 'ps7_cortexa9_0' is selected.
14:57:05 INFO  : 'con' command is executed.
14:57:05 INFO  : ----------------XSDB Script (After Launch)----------------
targets -set -nocase -filter {name =~ "ARM*#0" && jtag_cable_name =~ "Xilinx TUL 1234-tulA"} -index 0
con
----------------End of Script----------------

14:57:05 INFO  : Launch script is exported to file 'D:\NKUST\3rd\SoC\HW2\hw2\hw2.sdk\.sdk\launch_scripts\xilinx_c-c++_application_(system_debugger)\system_debugger_using_debug_intr.elf_on_local.tcl'
14:58:33 INFO  : Disconnected from the channel tcfchan#2.
14:58:34 INFO  : 'targets -set -filter {jtag_cable_name =~ "Xilinx TUL 1234-tulA" && level==0} -index 1' command is executed.
14:58:34 INFO  : 'fpga -state' command is executed.
14:58:34 INFO  : Connected to target on host '127.0.0.1' and port '3121'.
14:58:34 INFO  : Jtag cable 'Xilinx TUL 1234-tulA' is selected.
14:58:34 INFO  : 'jtag frequency' command is executed.
14:58:34 INFO  : Sourcing of 'D:/NKUST/3rd/SoC/HW2/hw2/hw2.sdk/design_1_wrapper_hw_platform_0/ps7_init.tcl' is done.
14:58:34 INFO  : Context for 'APU' is selected.
14:58:35 INFO  : Hardware design information is loaded from 'D:/NKUST/3rd/SoC/HW2/hw2/hw2.sdk/design_1_wrapper_hw_platform_0/system.hdf'.
14:58:35 INFO  : 'configparams force-mem-access 1' command is executed.
14:58:35 INFO  : Context for 'APU' is selected.
14:58:35 INFO  : 'stop' command is executed.
14:58:35 INFO  : 'ps7_init' command is executed.
14:58:36 INFO  : 'ps7_post_config' command is executed.
14:58:36 INFO  : Context for processor 'ps7_cortexa9_0' is selected.
14:58:36 INFO  : Processor reset is completed for 'ps7_cortexa9_0'.
14:58:36 INFO  : Context for processor 'ps7_cortexa9_0' is selected.
14:58:36 INFO  : The application 'D:/NKUST/3rd/SoC/HW2/hw2/hw2.sdk/intr/Debug/intr.elf' is downloaded to processor 'ps7_cortexa9_0'.
14:58:36 INFO  : 'configparams force-mem-access 0' command is executed.
14:58:36 INFO  : ----------------XSDB Script----------------
connect -url tcp:127.0.0.1:3121
source D:/NKUST/3rd/SoC/HW2/hw2/hw2.sdk/design_1_wrapper_hw_platform_0/ps7_init.tcl
targets -set -nocase -filter {name =~"APU*" && jtag_cable_name =~ "Xilinx TUL 1234-tulA"} -index 0
loadhw -hw D:/NKUST/3rd/SoC/HW2/hw2/hw2.sdk/design_1_wrapper_hw_platform_0/system.hdf -mem-ranges [list {0x40000000 0xbfffffff}]
configparams force-mem-access 1
targets -set -nocase -filter {name =~"APU*" && jtag_cable_name =~ "Xilinx TUL 1234-tulA"} -index 0
stop
ps7_init
ps7_post_config
targets -set -nocase -filter {name =~ "ARM*#0" && jtag_cable_name =~ "Xilinx TUL 1234-tulA"} -index 0
rst -processor
targets -set -nocase -filter {name =~ "ARM*#0" && jtag_cable_name =~ "Xilinx TUL 1234-tulA"} -index 0
dow D:/NKUST/3rd/SoC/HW2/hw2/hw2.sdk/intr/Debug/intr.elf
configparams force-mem-access 0
----------------End of Script----------------

14:58:36 INFO  : Memory regions updated for context APU
14:58:36 INFO  : Context for processor 'ps7_cortexa9_0' is selected.
14:58:36 INFO  : 'con' command is executed.
14:58:36 INFO  : ----------------XSDB Script (After Launch)----------------
targets -set -nocase -filter {name =~ "ARM*#0" && jtag_cable_name =~ "Xilinx TUL 1234-tulA"} -index 0
con
----------------End of Script----------------

14:58:36 INFO  : Launch script is exported to file 'D:\NKUST\3rd\SoC\HW2\hw2\hw2.sdk\.sdk\launch_scripts\xilinx_c-c++_application_(system_debugger)\system_debugger_using_debug_intr.elf_on_local.tcl'
15:00:53 INFO  : Disconnected from the channel tcfchan#3.
15:00:54 INFO  : 'targets -set -filter {jtag_cable_name =~ "Xilinx TUL 1234-tulA" && level==0} -index 1' command is executed.
15:00:54 INFO  : 'fpga -state' command is executed.
15:00:54 INFO  : Connected to target on host '127.0.0.1' and port '3121'.
15:00:54 INFO  : Jtag cable 'Xilinx TUL 1234-tulA' is selected.
15:00:54 INFO  : 'jtag frequency' command is executed.
15:00:54 INFO  : Sourcing of 'D:/NKUST/3rd/SoC/HW2/hw2/hw2.sdk/design_1_wrapper_hw_platform_0/ps7_init.tcl' is done.
15:00:54 INFO  : Context for 'APU' is selected.
15:00:55 INFO  : Hardware design information is loaded from 'D:/NKUST/3rd/SoC/HW2/hw2/hw2.sdk/design_1_wrapper_hw_platform_0/system.hdf'.
15:00:55 INFO  : 'configparams force-mem-access 1' command is executed.
15:00:55 INFO  : Context for 'APU' is selected.
15:00:55 INFO  : 'stop' command is executed.
15:00:55 INFO  : 'ps7_init' command is executed.
15:00:56 INFO  : 'ps7_post_config' command is executed.
15:00:56 INFO  : Context for processor 'ps7_cortexa9_0' is selected.
15:00:56 INFO  : Processor reset is completed for 'ps7_cortexa9_0'.
15:00:56 INFO  : Context for processor 'ps7_cortexa9_0' is selected.
15:00:56 INFO  : The application 'D:/NKUST/3rd/SoC/HW2/hw2/hw2.sdk/intr/Debug/intr.elf' is downloaded to processor 'ps7_cortexa9_0'.
15:00:56 INFO  : 'configparams force-mem-access 0' command is executed.
15:00:56 INFO  : ----------------XSDB Script----------------
connect -url tcp:127.0.0.1:3121
source D:/NKUST/3rd/SoC/HW2/hw2/hw2.sdk/design_1_wrapper_hw_platform_0/ps7_init.tcl
targets -set -nocase -filter {name =~"APU*" && jtag_cable_name =~ "Xilinx TUL 1234-tulA"} -index 0
loadhw -hw D:/NKUST/3rd/SoC/HW2/hw2/hw2.sdk/design_1_wrapper_hw_platform_0/system.hdf -mem-ranges [list {0x40000000 0xbfffffff}]
configparams force-mem-access 1
targets -set -nocase -filter {name =~"APU*" && jtag_cable_name =~ "Xilinx TUL 1234-tulA"} -index 0
stop
ps7_init
ps7_post_config
targets -set -nocase -filter {name =~ "ARM*#0" && jtag_cable_name =~ "Xilinx TUL 1234-tulA"} -index 0
rst -processor
targets -set -nocase -filter {name =~ "ARM*#0" && jtag_cable_name =~ "Xilinx TUL 1234-tulA"} -index 0
dow D:/NKUST/3rd/SoC/HW2/hw2/hw2.sdk/intr/Debug/intr.elf
configparams force-mem-access 0
----------------End of Script----------------

15:00:56 INFO  : Memory regions updated for context APU
15:00:56 INFO  : Context for processor 'ps7_cortexa9_0' is selected.
15:00:56 INFO  : 'con' command is executed.
15:00:56 INFO  : ----------------XSDB Script (After Launch)----------------
targets -set -nocase -filter {name =~ "ARM*#0" && jtag_cable_name =~ "Xilinx TUL 1234-tulA"} -index 0
con
----------------End of Script----------------

15:00:56 INFO  : Launch script is exported to file 'D:\NKUST\3rd\SoC\HW2\hw2\hw2.sdk\.sdk\launch_scripts\xilinx_c-c++_application_(system_debugger)\system_debugger_using_debug_intr.elf_on_local.tcl'
15:02:40 INFO  : Disconnected from the channel tcfchan#4.
